<?xml version="1.0" encoding="UTF-8"?>
<!-- Generated by org.testng.reporters.JUnitReportReporter -->
<testsuite hostname="DESKTOP-172AK3E" failures="0" tests="4" name="com.qa.test.DemoTest" time="0.010" errors="0" timestamp="04 May 2021 11:40:46 GMT" skipped="0">
  <testcase classname="com.qa.test.DemoTest" name="div" time="0.007"/>
  <testcase classname="com.qa.test.DemoTest" name="mul" time="0.001"/>
  <testcase classname="com.qa.test.DemoTest" name="sum" time="0.001"/>
  <testcase classname="com.qa.test.DemoTest" name="sub" time="0.001"/>
</testsuite> <!-- com.qa.test.DemoTest -->
